

Microchip MPLAB XC8 Assembler V2.10 build 88905656 
                                                                                               Thu Nov 14 10:18:33 2019

Microchip MPLAB XC8 C Compiler v2.10 (Free license) build 20190730164152 Og1 
     1                           	processor	18F25K50
     2                           	fnconf	rparam,??,?,0
     3                           	opt	pw 120
     4                           	opt	flic
     5                           	psect	cinit,global,reloc=2,class=CODE,delta=1
     6                           	psect	bssCOMRAM,global,class=COMRAM,space=1,delta=1,noexec
     7                           	psect	cstackCOMRAM,global,class=COMRAM,space=1,delta=1,noexec
     8                           	psect	text0,global,reloc=2,class=CODE,delta=1
     9                           	psect	text1,global,reloc=2,class=CODE,delta=1
    10                           	psect	text2,global,reloc=2,class=CODE,delta=1
    11                           	psect	text3,global,reloc=2,class=CODE,delta=1
    12                           	psect	intsave_regs,global,class=BIGRAM,space=1,delta=1,noexec
    13                           	psect	rparam,global,class=COMRAM,space=1,delta=1,noexec
    14  0000                     
    15                           ; Version 2.10
    16                           ; Generated 31/07/2019 GMT
    17                           ; 
    18                           ; Copyright © 2019, Microchip Technology Inc. and its subsidiaries ("Microchip")
    19                           ; All rights reserved.
    20                           ; 
    21                           ; This software is developed by Microchip Technology Inc. and its subsidiaries ("Microch
      +                          ip").
    22                           ; 
    23                           ; Redistribution and use in source and binary forms, with or without modification, are
    24                           ; permitted provided that the following conditions are met:
    25                           ; 
    26                           ;     1. Redistributions of source code must retain the above copyright notice, this lis
      +                          t of
    27                           ;        conditions and the following disclaimer.
    28                           ; 
    29                           ;     2. Redistributions in binary form must reproduce the above copyright notice, this 
      +                          list
    30                           ;        of conditions and the following disclaimer in the documentation and/or other
    31                           ;        materials provided with the distribution.
    32                           ; 
    33                           ;     3. Microchip's name may not be used to endorse or promote products derived from th
      +                          is
    34                           ;        software without specific prior written permission.
    35                           ; 
    36                           ; THIS SOFTWARE IS PROVIDED BY MICROCHIP "AS IS" AND ANY EXPRESS OR IMPLIED WARRANTIES,
    37                           ; INCLUDING, BUT NOT LIMITED TO, THE IMPLIED WARRANTIES OF MERCHANTABILITY AND FITNESS F
      +                          OR
    38                           ; PURPOSE ARE DISCLAIMED.  IN NO EVENT SHALL MICROCHIP BE LIABLE FOR ANY DIRECT, INDIREC
      +                          T,
    39                           ; INCIDENTAL, SPECIAL, EXEMPLARY, OR CONSEQUENTIAL DAMAGES (INCLUDING BUT NOT LIMITED TO
    40                           ; PROCUREMENT OF SUBSTITUTE GOODS OR SERVICES; LOSS OF USE, DATA OR PROFITS; OR BUSINESS
    41                           ; INTERRUPTION) HOWSOEVER CAUSED AND ON ANY THEORY OF LIABILITY, WHETHER IN CONTRACT, ST
      +                          RICT
    42                           ; LIABILITY, OR TORT (INCLUDING NEGLIGENCE OR OTHERWISE) ARISING IN ANY WAY OUT OF THE U
      +                          SE OF
    43                           ; THIS SOFTWARE, EVEN IF ADVISED OF THE POSSIBILITY OF SUCH DAMAGE.
    44                           ; 
    45                           ; 
    46                           ; Code-generator required, PIC18F25K50 Definitions
    47                           ; 
    48                           ; SFR Addresses
    49  0000                     _ANSELB	set	3932
    50  0000                     _ANSELA	set	3931
    51  0000                     _PIE1bits	set	3997
    52  0000                     _PIR1bits	set	3998
    53  0000                     _ADCON0bits	set	4034
    54  0000                     _ADCON2	set	4032
    55  0000                     _ADCON0	set	4034
    56  0000                     _ADCON1	set	4033
    57  0000                     _T0CONbits	set	4053
    58  0000                     _INTCON	set	4082
    59  0000                     _TMR0L	set	4054
    60  0000                     _T0CON	set	4053
    61  0000                     _TRISC	set	3988
    62  0000                     _CM1CON0	set	3992
    63  0000                     _INTCONbits	set	4082
    64  0000                     _TRISB	set	3987
    65  0000                     _LATB	set	3978
    66  0000                     _TRISA	set	3986
    67  0000                     _LATA	set	3977
    68  0000                     _LATC	set	3979
    69                           
    70                           ; #config settings
    71                           
    72                           	psect	cinit
    73  007F90                     __pcinit:
    74                           	opt callstack 0
    75  007F90                     start_initialization:
    76                           	opt callstack 0
    77  007F90                     __initialization:
    78                           	opt callstack 0
    79                           
    80                           ; Clear objects allocated to COMRAM (2 bytes)
    81  007F90  6A02               	clrf	(__pbssCOMRAM+1)& (0+255),c
    82  007F92  6A01               	clrf	__pbssCOMRAM& (0+255),c
    83  007F94                     end_of_initialization:
    84                           	opt callstack 0
    85  007F94                     __end_of__initialization:
    86                           	opt callstack 0
    87  007F94  0100               	movlb	0
    88  007F96  EFE1  F03F         	goto	_main	;jump to C main() function
    89                           
    90                           	psect	bssCOMRAM
    91  000001                     __pbssCOMRAM:
    92                           	opt callstack 0
    93  000001                     _counter:
    94                           	opt callstack 0
    95  000001                     	ds	2
    96                           
    97                           	psect	cstackCOMRAM
    98  000000                     __pcstackCOMRAM:
    99                           	opt callstack 0
   100  000000                     
   101                           ; 1 bytes @ 0x0
   102 ;;
   103 ;;Main: autosize = 0, tempsize = 0, incstack = 0, save=0
   104 ;;
   105 ;; *************** function _main *****************
   106 ;; Defined at:
   107 ;;		line 18 in file "main.c"
   108 ;; Parameters:    Size  Location     Type
   109 ;;		None
   110 ;; Auto vars:     Size  Location     Type
   111 ;;		None
   112 ;; Return value:  Size  Location     Type
   113 ;;                  1    wreg      void 
   114 ;; Registers used:
   115 ;;		wreg, status,2, cstack
   116 ;; Tracked objects:
   117 ;;		On entry : 0/0
   118 ;;		On exit  : 0/0
   119 ;;		Unchanged: 0/0
   120 ;; Data sizes:     COMRAM   BANK0   BANK1   BANK2   BANK3   BANK4   BANK5   BANK6   BANK7
   121 ;;      Params:         0       0       0       0       0       0       0       0       0
   122 ;;      Locals:         0       0       0       0       0       0       0       0       0
   123 ;;      Temps:          0       0       0       0       0       0       0       0       0
   124 ;;      Totals:         0       0       0       0       0       0       0       0       0
   125 ;;Total ram usage:        0 bytes
   126 ;; Hardware stack levels required when called:    1
   127 ;; This function calls:
   128 ;;		_initAD
   129 ;;		_initChip
   130 ;;		_initTimer
   131 ;; This function is called by:
   132 ;;		Startup code after reset
   133 ;; This function uses a non-reentrant model
   134 ;;
   135                           
   136                           	psect	text0
   137  007FC2                     __ptext0:
   138                           	opt callstack 0
   139  007FC2                     _main:
   140                           	opt callstack 30
   141  007FC2                     
   142                           ;main.c: 19:     initChip();
   143  007FC2  ECED  F03F         	call	_initChip	;wreg free
   144                           
   145                           ;main.c: 20:     initTimer();
   146  007FC6  ECCD  F03F         	call	_initTimer	;wreg free
   147                           
   148                           ;main.c: 21:     initAD();
   149  007FCA  ECD5  F03F         	call	_initAD	;wreg free
   150  007FCE                     l763:
   151                           
   152                           ;main.c: 23:     {;main.c: 24:         LATC = 0x02;
   153  007FCE  0E02               	movlw	2
   154  007FD0  6E8B               	movwf	139,c	;volatile
   155  007FD2  EFE7  F03F         	goto	l763
   156  007FD6  EF00  F008         	goto	start
   157  007FDA                     __end_of_main:
   158                           	opt callstack 0
   159                           
   160 ;; *************** function _initTimer *****************
   161 ;; Defined at:
   162 ;;		line 45 in file "main.c"
   163 ;; Parameters:    Size  Location     Type
   164 ;;		None
   165 ;; Auto vars:     Size  Location     Type
   166 ;;		None
   167 ;; Return value:  Size  Location     Type
   168 ;;                  1    wreg      void 
   169 ;; Registers used:
   170 ;;		wreg, status,2
   171 ;; Tracked objects:
   172 ;;		On entry : 0/0
   173 ;;		On exit  : 0/0
   174 ;;		Unchanged: 0/0
   175 ;; Data sizes:     COMRAM   BANK0   BANK1   BANK2   BANK3   BANK4   BANK5   BANK6   BANK7
   176 ;;      Params:         0       0       0       0       0       0       0       0       0
   177 ;;      Locals:         0       0       0       0       0       0       0       0       0
   178 ;;      Temps:          0       0       0       0       0       0       0       0       0
   179 ;;      Totals:         0       0       0       0       0       0       0       0       0
   180 ;;Total ram usage:        0 bytes
   181 ;; Hardware stack levels used:    1
   182 ;; This function calls:
   183 ;;		Nothing
   184 ;; This function is called by:
   185 ;;		_main
   186 ;; This function uses a non-reentrant model
   187 ;;
   188                           
   189                           	psect	text1
   190  007F9A                     __ptext1:
   191                           	opt callstack 0
   192  007F9A                     _initTimer:
   193                           	opt callstack 30
   194  007F9A                     
   195                           ;main.c: 50:     T0CON = 0x45;
   196  007F9A  0E45               	movlw	69
   197  007F9C  6ED5               	movwf	213,c	;volatile
   198                           
   199                           ;main.c: 56:     TMR0L = 0x45;
   200  007F9E  0E45               	movlw	69
   201  007FA0  6ED6               	movwf	214,c	;volatile
   202                           
   203                           ;main.c: 57:     INTCON =0x20;
   204  007FA2  0E20               	movlw	32
   205  007FA4  6EF2               	movwf	242,c	;volatile
   206  007FA6                     
   207                           ;main.c: 62:     T0CONbits.TMR0ON = 1;
   208  007FA6  8ED5               	bsf	213,7,c	;volatile
   209  007FA8  0012               	return		;funcret
   210  007FAA                     __end_of_initTimer:
   211                           	opt callstack 0
   212                           
   213 ;; *************** function _initChip *****************
   214 ;; Defined at:
   215 ;;		line 30 in file "main.c"
   216 ;; Parameters:    Size  Location     Type
   217 ;;		None
   218 ;; Auto vars:     Size  Location     Type
   219 ;;		None
   220 ;; Return value:  Size  Location     Type
   221 ;;                  1    wreg      void 
   222 ;; Registers used:
   223 ;;		wreg, status,2
   224 ;; Tracked objects:
   225 ;;		On entry : 0/0
   226 ;;		On exit  : 0/0
   227 ;;		Unchanged: 0/0
   228 ;; Data sizes:     COMRAM   BANK0   BANK1   BANK2   BANK3   BANK4   BANK5   BANK6   BANK7
   229 ;;      Params:         0       0       0       0       0       0       0       0       0
   230 ;;      Locals:         0       0       0       0       0       0       0       0       0
   231 ;;      Temps:          0       0       0       0       0       0       0       0       0
   232 ;;      Totals:         0       0       0       0       0       0       0       0       0
   233 ;;Total ram usage:        0 bytes
   234 ;; Hardware stack levels used:    1
   235 ;; This function calls:
   236 ;;		Nothing
   237 ;; This function is called by:
   238 ;;		_main
   239 ;; This function uses a non-reentrant model
   240 ;;
   241                           
   242                           	psect	text2
   243  007FDA                     __ptext2:
   244                           	opt callstack 0
   245  007FDA                     _initChip:
   246                           	opt callstack 30
   247  007FDA                     
   248                           ;main.c: 32:     LATA = 0x00;
   249  007FDA  0E00               	movlw	0
   250  007FDC  6E89               	movwf	137,c	;volatile
   251                           
   252                           ;main.c: 33:     TRISA = 0x01;
   253  007FDE  0E01               	movlw	1
   254  007FE0  6E92               	movwf	146,c	;volatile
   255                           
   256                           ;main.c: 34:     ANSELA = 0x01;
   257  007FE2  0E01               	movlw	1
   258  007FE4  010F               	movlb	15	; () banked
   259  007FE6  6F5B               	movwf	91,b	;volatile
   260                           
   261                           ;main.c: 35:     LATB = 0x00;
   262  007FE8  0E00               	movlw	0
   263  007FEA  6E8A               	movwf	138,c	;volatile
   264                           
   265                           ;main.c: 36:     TRISB = 0x00;
   266  007FEC  0E00               	movlw	0
   267  007FEE  6E93               	movwf	147,c	;volatile
   268                           
   269                           ;main.c: 37:     ANSELB = 0x00;
   270  007FF0  0E00               	movlw	0
   271  007FF2  6F5C               	movwf	92,b	;volatile
   272  007FF4                     
   273                           ; BSR set to: 15
   274                           ;main.c: 39:     INTCONbits.GIE = 0;
   275  007FF4  9EF2               	bcf	242,7,c	;volatile
   276                           
   277                           ;main.c: 40:     CM1CON0 = 0x00;
   278  007FF6  0E00               	movlw	0
   279  007FF8  6E98               	movwf	152,c	;volatile
   280                           
   281                           ;main.c: 41:         TRISC = 0x00;
   282  007FFA  0E00               	movlw	0
   283  007FFC  6E94               	movwf	148,c	;volatile
   284  007FFE                     
   285                           ; BSR set to: 15
   286  007FFE  0012               	return		;funcret
   287  008000                     __end_of_initChip:
   288                           	opt callstack 0
   289                           
   290 ;; *************** function _initAD *****************
   291 ;; Defined at:
   292 ;;		line 65 in file "main.c"
   293 ;; Parameters:    Size  Location     Type
   294 ;;		None
   295 ;; Auto vars:     Size  Location     Type
   296 ;;		None
   297 ;; Return value:  Size  Location     Type
   298 ;;                  1    wreg      void 
   299 ;; Registers used:
   300 ;;		wreg, status,2
   301 ;; Tracked objects:
   302 ;;		On entry : 0/0
   303 ;;		On exit  : 0/0
   304 ;;		Unchanged: 0/0
   305 ;; Data sizes:     COMRAM   BANK0   BANK1   BANK2   BANK3   BANK4   BANK5   BANK6   BANK7
   306 ;;      Params:         0       0       0       0       0       0       0       0       0
   307 ;;      Locals:         0       0       0       0       0       0       0       0       0
   308 ;;      Temps:          0       0       0       0       0       0       0       0       0
   309 ;;      Totals:         0       0       0       0       0       0       0       0       0
   310 ;;Total ram usage:        0 bytes
   311 ;; Hardware stack levels used:    1
   312 ;; This function calls:
   313 ;;		Nothing
   314 ;; This function is called by:
   315 ;;		_main
   316 ;; This function uses a non-reentrant model
   317 ;;
   318                           
   319                           	psect	text3
   320  007FAA                     __ptext3:
   321                           	opt callstack 0
   322  007FAA                     _initAD:
   323                           	opt callstack 30
   324  007FAA                     
   325                           ;main.c: 67:     ADCON1 =0x00;
   326  007FAA  0E00               	movlw	0
   327  007FAC  6EC1               	movwf	193,c	;volatile
   328                           
   329                           ;main.c: 69:     ADCON0 = 0x00;
   330  007FAE  0E00               	movlw	0
   331  007FB0  6EC2               	movwf	194,c	;volatile
   332                           
   333                           ;main.c: 71:     ADCON2 = 0x36;
   334  007FB2  0E36               	movlw	54
   335  007FB4  6EC0               	movwf	192,c	;volatile
   336  007FB6                     
   337                           ;main.c: 73:     ADCON0bits.ADON = 1;
   338  007FB6  80C2               	bsf	194,0,c	;volatile
   339  007FB8                     
   340                           ;main.c: 75:     PIR1bits.ADIF = 0;
   341  007FB8  9C9E               	bcf	158,6,c	;volatile
   342  007FBA                     
   343                           ;main.c: 76:     PIE1bits.ADIE = 1;
   344  007FBA  8C9D               	bsf	157,6,c	;volatile
   345  007FBC                     
   346                           ;main.c: 77:     INTCONbits.GIE = 1;
   347  007FBC  8EF2               	bsf	242,7,c	;volatile
   348  007FBE                     
   349                           ;main.c: 78:     INTCONbits.PEIE_GIEL =1;
   350  007FBE  8CF2               	bsf	242,6,c	;volatile
   351  007FC0  0012               	return		;funcret
   352  007FC2                     __end_of_initAD:
   353                           	opt callstack 0
   354  0000                     
   355                           	psect	rparam
   356  0000                     tosu	equ	0xFFF
   357                           tosh	equ	0xFFE
   358                           tosl	equ	0xFFD
   359                           stkptr	equ	0xFFC
   360                           pclatu	equ	0xFFB
   361                           pclath	equ	0xFFA
   362                           pcl	equ	0xFF9
   363                           tblptru	equ	0xFF8
   364                           tblptrh	equ	0xFF7
   365                           tblptrl	equ	0xFF6
   366                           tablat	equ	0xFF5
   367                           prodh	equ	0xFF4
   368                           prodl	equ	0xFF3
   369                           indf0	equ	0xFEF
   370                           postinc0	equ	0xFEE
   371                           postdec0	equ	0xFED
   372                           preinc0	equ	0xFEC
   373                           plusw0	equ	0xFEB
   374                           fsr0h	equ	0xFEA
   375                           fsr0l	equ	0xFE9
   376                           wreg	equ	0xFE8
   377                           indf1	equ	0xFE7
   378                           postinc1	equ	0xFE6
   379                           postdec1	equ	0xFE5
   380                           preinc1	equ	0xFE4
   381                           plusw1	equ	0xFE3
   382                           fsr1h	equ	0xFE2
   383                           fsr1l	equ	0xFE1
   384                           bsr	equ	0xFE0
   385                           indf2	equ	0xFDF
   386                           postinc2	equ	0xFDE
   387                           postdec2	equ	0xFDD
   388                           preinc2	equ	0xFDC
   389                           plusw2	equ	0xFDB
   390                           fsr2h	equ	0xFDA
   391                           fsr2l	equ	0xFD9
   392                           status	equ	0xFD8


Data Sizes:
    Strings     0
    Constant    0
    Data        0
    BSS         2
    Persistent  0
    Stack       0

Auto Spaces:
    Space          Size  Autos    Used
    COMRAM           95      0       2
    BANK0           160      0       0
    BANK1           256      0       0
    BANK2           256      0       0
    BANK3           256      0       0
    BANK4           256      0       0
    BANK5           256      0       0
    BANK6           256      0       0
    BANK7           256      0       0

Pointer List with Targets:

    None.

Critical Paths under _main in COMRAM

    None.

Critical Paths under _main in BANK0

    None.

Critical Paths under _main in BANK1

    None.

Critical Paths under _main in BANK2

    None.

Critical Paths under _main in BANK3

    None.

Critical Paths under _main in BANK4

    None.

Critical Paths under _main in BANK5

    None.

Critical Paths under _main in BANK6

    None.

Critical Paths under _main in BANK7

    None.

Call Graph Tables:

 ---------------------------------------------------------------------------------
 (Depth) Function   	        Calls       Base Space   Used Autos Params    Refs
 ---------------------------------------------------------------------------------
 (0) _main                                                 0     0      0       0
                             _initAD
                           _initChip
                          _initTimer
 ---------------------------------------------------------------------------------
 (1) _initTimer                                            0     0      0       0
 ---------------------------------------------------------------------------------
 (1) _initChip                                             0     0      0       0
 ---------------------------------------------------------------------------------
 (1) _initAD                                               0     0      0       0
 ---------------------------------------------------------------------------------
 Estimated maximum stack depth 1
 ---------------------------------------------------------------------------------

 Call Graph Graphs:

 _main (ROOT)
   _initAD
   _initChip
   _initTimer

 Address spaces:
Name               Size   Autos  Total    Cost      Usage
BIGRAM             7FF      0       0      21        0.0%
EEDATA             100      0       0       0        0.0%
BITBANK7           100      0       0      19        0.0%
BANK7              100      0       0      20        0.0%
BITBANK6           100      0       0      17        0.0%
BANK6              100      0       0      18        0.0%
BITBANK5           100      0       0      15        0.0%
BANK5              100      0       0      16        0.0%
BITBANK4           100      0       0      13        0.0%
BANK4              100      0       0      14        0.0%
BITBANK3           100      0       0      11        0.0%
BANK3              100      0       0      12        0.0%
BITBANK2           100      0       0       9        0.0%
BANK2              100      0       0      10        0.0%
BITBANK1           100      0       0       7        0.0%
BANK1              100      0       0       8        0.0%
BITBANK0            A0      0       0       4        0.0%
BANK0               A0      0       0       5        0.0%
BITCOMRAM           5F      0       0       0        0.0%
COMRAM              5F      0       2       1        2.1%
BITSFR_1             0      0       0     200        0.0%
SFR_1                0      0       0     200        0.0%
BITSFR               0      0       0     200        0.0%
SFR                  0      0       0     200        0.0%
STACK                0      0       0       2        0.0%
NULL                 0      0       0       0        0.0%
ABS                  0      0       2       6        0.0%
DATA                 0      0       2       3        0.0%
CODE                 0      0       0       0        0.0%


Microchip Technology PIC18 Macro Assembler V2.10 build 88905656 
Symbol Table                                                                                   Thu Nov 14 10:18:33 2019

                     l62 7FA8                       l65 7FC0                       l59 7FFE  
                    l741 7FDA                      l751 7FB6                      l743 7FF4  
                    l753 7FB8                      l745 7F9A                      l761 7FC2  
                    l755 7FBA                      l747 7FA6                      l763 7FCE  
                    l757 7FBC                      l749 7FAA                      l759 7FBE  
                   _LATA 000F89                     _LATB 000F8A                     _LATC 000F8B  
                   _main 7FC2                     start 1000             ___param_bank 000000  
                  ?_main 0000                    _T0CON 000FD5                    _TMR0L 000FD6  
                  _TRISA 000F92                    _TRISB 000F93                    _TRISC 000F94  
        __initialization 7F90             __end_of_main 7FDA                   ??_main 0000  
          __activetblptr 000000                   _ADCON0 000FC2                   _ADCON1 000FC1  
                 _ADCON2 000FC0                   _ANSELA 000F5B                   _ANSELB 000F5C  
                 _INTCON 000FF2         __end_of_initChip 8000                   _initAD 7FAA  
             __accesstop 0060  __end_of__initialization 7F94            ___rparam_used 000001  
         __pcstackCOMRAM 0000       __size_of_initTimer 0010                  _CM1CON0 000F98  
                ?_initAD 0000                ?_initChip 0000                  __Hparam 0000  
                __Lparam 0000          __size_of_initAD 0018                  __pcinit 7F90  
                __ramtop 0800                  __ptext0 7FC2                  __ptext1 7F9A  
                __ptext2 7FDA                  __ptext3 7FAA                _T0CONbits 000FD5  
      __end_of_initTimer 7FAA                  _counter 0001     end_of_initialization 7F94  
             ??_initChip 0000           __end_of_initAD 7FC2      start_initialization 7F90  
               ??_initAD 0000              __pbssCOMRAM 0001        __size_of_initChip 0026  
              _initTimer 7F9A                 _PIE1bits 000F9D                 _PIR1bits 000F9E  
             _ADCON0bits 000FC2               ?_initTimer 0000                 __Hrparam 0000  
               __Lrparam 0000                 _initChip 7FDA            __size_of_main 0018  
             _INTCONbits 000FF2              ??_initTimer 0000  
