MPASM 5.84  /USERS/SHUAIZHANG/DESKTOP/PREPAR   12-6-2019  15:24:40         PAGE  1


LOC  OBJECT CODE     LINE SOURCE TEXT
  VALUE

                      00001 ;***********************************************************
                      00002 ; File Header
                      00003 ;***********************************************************
                      00004 
                      00005     list p=18F25k50, r=hex, n=0
                      00006     #include <p18F25k50.inc>
                      00001         LIST
                      00002 
                      00003 ;==========================================================================
                      00004 ; Build date : Mar 17 2019
                      00005 ;  MPASM PIC18F25K50 processor include
                      00006 ; 
                      00007 ;  (c) Copyright 1999-2019 Microchip Technology, All rights reserved
                      00008 ;==========================================================================
                      00009 
                      02208         LIST
                      00007 
                      00008  
                      00009     config SDOMX = RC7
                      00010     
                      00011     
  00000005            00012 outcome_1_L      equ 0x05
  00000010            00013 outcome_1_H      equ 0x10
  00000006            00014 outcome_2_L      equ 0x06  
  00000011            00015 outcome_2_H      equ 0x11  
  00000009            00016 outcome_3   equ 0x09     
  00000007            00017 buffer_1    equ 0x07
  00000008            00018 buffer_2    equ 0x08
  00000012            00019 input  equ 0x12
                      00020 
                      00021 
                      00022     
                      00023 ;***********************************************************
                      00024 ; Reset Vector
                      00025 ;***********************************************************
                      00026 
                      00027     ORG     0x000   ; Reset Vector
                      00028            ; When debugging:0x000; when loading: 0x1000
000000 EF?? F???      00029     goto    START
                      00030 
                      00031 
                      00032 ;***********************************************************
                      00033 ; Interrupt Vector
                      00034 ;***********************************************************
                      00035 
                      00036     ORG     0x008 ; Interrupt Vector  HIGH priority
000008 EF?? F???      00037     goto    inter_high ; When debugging:0x008; when loading: 0x1008
                      00038     ORG     0x018 ; Interrupt Vector  HIGH priority
000018 EF?? F???      00039     goto    inter_low ; When debugging:0x008; when loading: 0x1018
                      00040 
                      00041 
                      00042 ;***********************************************************
                      00043 ; Program Code Starts Here
                      00044 ;***********************************************************
                      00045 
                      00046     ORG     0x1020 ; When debugging:0x020; when loading: 0x1020
                      00047 
001020                00048 START
001020 EC?? F???      00049     call    init_chip  ; initialize ports and some other registers
001024 EC?? F???      00050     call    init_timer  ; initialize timers
001028 EC?? F???      00051     call    init_ADC  ; initialize A/D converter
00102C EC?? F???      00052     call    init_PWM  ; initialize PWM module
001030 EC?? F???      00053     call    init_FIR  ; initialize filter
001034 8ED5           00054     bsf     T0CON, 7  ; TMR0ON, Enable Timer0
001036 84BA           00055     bsf     T2CON, 2  ; TMR2ON, Enable Timer2
001038 8EF2           00056     bsf     INTCON, 7  ; GIE, Enable interrupt
                      00057     
00103A                00058 main
00103A 0EFF           00059     movlw 0xFF
00103C 6E12           00060     movwf input
00103E 8C9E           00061     bsf     PIR1,6
001040 D???           00062     bra     main
                      00063     
001042                00064 init_chip
001042 0E80           00065     movlw   0x80
001044 6E9B           00066     movwf   OSCTUNE
001046 0E70           00067     movlw   0x70
001048 6ED3           00068     movwf   OSCCON
00104A 0E10           00069     movlw   0x10
00104C 6ED2           00070     movwf   OSCCON2
                      00071     
00104E 6A80           00072     clrf    PORTA   ; Initialize PORTA by clearing output data latches
001050 0EFF           00073     movlw   0xFF   ; Value used to initialize data direction
001052 6E92           00074     movwf   TRISA   ; Set PORTA as input
001054 0E00           00075     movlw   0x00   ; Configure comparators for digital input
001056 6E98           00076     movwf   CM1CON0
001058 6A81           00077     clrf    PORTB   ; Initialize PORTB by clearing output data latches
00105A 0E00           00078     movlw   0x00   ; Value used to initialize data direction
00105C 6E93           00079     movwf   TRISB   ; Set PORTB as output
00105E 6A82           00080     clrf    PORTC   ; Initialize PORTC by clearing output data latches
001060 6A94           00081     clrf    TRISC  ; define PORTC as outpnput
001062 9660           00082     bcf     UCON,3  ; to be sure to disable USB module
001064 8662           00083     bsf     UCFG,3  ; disable internal USB transceiver
001066 6A05           00084     clrf outcome_1_L     
001068 6A10           00085     clrf outcome_1_H     
00106A 6A06           00086     clrf outcome_2_L     
00106C 6A11           00087     clrf outcome_2_H       
00106E 6A09           00088     clrf outcome_3       
001070 6A07           00089     clrf buffer_1     
001072 6A08           00090     clrf buffer_2    
001074 0012           00091     return
                      00092 
001076                00093 init_timer
001076 0E41           00094     movlw   0x41 ;Timer0 defines sample rate CHANGE THE LITERAL HERE!!!!!!!!!!!
001078 6ED5           00095     movwf   T0CON ;Timer0 Control Register
                      00096                  ;bit7 "0": Disable Timer
                      00097                  ;bit6 "1": 8-bit timer
                      00098                  ;bit5 "0": Internal clock
                      00099                  ;bit4 "0": not important in Timer mode
                      00100                  ;bit3 "0": Timer0 prescale is assigned
                      00101                  ;bit2-0  : prescale=1:4 which means bit2-0: 001 
                      00102     ;F = Fosc/(4*Prescale*number of counting)   F:sampling requency=12Khz, Fosc=48Mhz,prescale=4,number 
                            of counting=250 
00107A 6AD6           00103     clrf    TMR0L ;clear timer
00107C 0E20           00104     movlw   0x20 ;Interrupt settings for Timer0
00107E 6EF2           00105     movwf   INTCON ;Interrupt Control Register
                      00106                  ;bit7 "0": Global interrupt Enable
                      00107                  ;bit6 "0": Peripheral Interrupt Enable
                      00108                  ;bit5 "1": Enables the TMR0 overflow interrupt
                      00109                  ;bit4 "0": Disables the INT0 external interrupt
                      00110                  ;bit3 "0": Disables the RB port change interrupt
                      00111                  ;bit2 "0": TMR0 Overflow Interrupt Flag bit
                      00112    ;bit1 "0": INT0 External Interrupt Flag bit
                      00113    ;bit0 "0": RB Port Change Interrupt Flag bit
001080 0E00           00114     movlw   0x00 ;Timer2 is used for PWM
001082 6EBA           00115     movwf   T2CON ;Timer2 Control Register
                      00116                  ;bit7 "0": unimplemented
                      00117                  ;bit6-3 "0000": Postscale 1:1
                      00118                  ;bit2 "0": Timer off
                      00119                  ;bit1-0 "00": Prescale 1:1  
001084 6ABC           00120     clrf    TMR2 ;clear timer
001086 0012           00121     return
                      00122 
001088                00123 init_ADC
001088 0E00           00124     movlw   0x00
00108A 6EC1           00125     movwf   ADCON1 ;A/D Control Register 1
                      00126    ;bit7-6 "00": unimplemented
                      00127    ;bit5   "0": VSS as voltage reference
                      00128    ;bit4   "0": VDD as voltage reference
                      00129    ;bit3-0 "0000": all ports are analog input
00108C 0E01           00130     movlw   0x01
00108E 6EC2           00131     movwf   ADCON0 ;A/D Control Register 0
                      00132    ;bit7-6 "00": unimplemented
                      00133    ;bit5-2 "0000": Channel 0 (AN0)
                      00134    ;bit1   "0": A/D idle, do not start conversion yet
                      00135    ;bit0   "1": A/D converter module is enabled
001090 0E36           00136     movlw   0x36
001092 6EC0           00137     movwf   ADCON2 ;A/D Control Register 2
                      00138    ;bit7   "0": left justified
                      00139    ;bit6   "0": unimplemented
                      00140    ;bit5-3 "110": A/D Acquisition Time is 16 Tad
                      00141    ;bit2-0 "110": A/D Conversion Clock is Fosc/64
001094 8CF2           00142     bsf     INTCON, 6 ;PEIE_GIEL bit, enables peripheral interrupts 
001096 9C9E           00143     bcf     PIR1, 6 ;ADIF bit = flag bit
001098 8C9D           00144     bsf     PIE1, 6 ;ADIE bit, enables the A/D interrupt
00109A 0012           00145     return
                      00146 
00109C                00147 init_PWM
00109C 0EFF           00148     movlw   0xFF
00109E 6EBB           00149     movwf   PR2  ;PWM period = 255
                      00150    ;Period = [(PR2+1)*4*Tosc*(TMR2 Prescale value)
                      00151    ;= 256 * 4 * (1/48 MHz) * 1
                      00152    ;= 21,33 µs (46,8 kHz)
0010A0 0E0F           00153     movlw   0x0F
0010A2 6E97           00154     movwf   CCP2CON ;Standard CCP2 control register
                      00155    ;bit7-6 "00": unimplemented
                      00156    ;bit5-4 "00": 2 LSBs of duty cycle (10-bit)
                      00157    ;bit3-0 "1111": PWM mode
0010A4 0E80           00158     movlw   D'128'
0010A6 6E90           00159     movwf   CCPR2L ;Duty cycle = 128 to start with
0010A8 0012           00160     return
                      00161 
0010AA                00162 init_FIR
                      00163     ; buffer of input samples starts at address 0x020
0010AA EE00 F020      00164     lfsr    0, 0x020 ; FSR0 is used for the input samples
0010AE 6A20           00165     clrf    0x20 ; now follows a buffer of 9 samples
0010B0 6A21           00166     clrf    0x21 ; all cleared
0010B2 6A22           00167     clrf    0x22
0010B4 6A23           00168     clrf    0x23
0010B6 6A24           00169     clrf    0x24
0010B8 6A25           00170     clrf    0x25
0010BA 6A26           00171     clrf    0x26
0010BC 6A27           00172     clrf    0x27
0010BE 6A28           00173     clrf    0x28
                      00174  
                      00175     ; table of filter coefficients starts at address 0x030
0010C0 EE10 F030      00176     lfsr    1, 0x030 ; FSR1 is used for the filter coefficients
0010C4 0E28           00177     movlw   D'40'       ; b(0)
0010C6 6E30           00178     movwf   0x30
0010C8 0E23           00179     movlw   D'35'       ; b(1)
0010CA 6E31           00180     movwf   0x31
0010CC 0E14           00181     movlw   D'20'       ; b(2)
0010CE 6E32           00182     movwf   0x32
0010D0 0E00           00183     movlw   D'0'        ; b(3)
0010D2 6E33           00184     movwf   0x33
0010D4 0EF7           00185     movlw   D'247'      ; b(4)
0010D6 6E34           00186     movwf   0x34
0010D8 0E00           00187     movlw   D'0'        ; b(5)
0010DA 6E35           00188     movwf   0x35
0010DC 0E14           00189     movlw   D'20'       ; b(6)
0010DE 6E36           00190     movwf   0x36
0010E0 0E23           00191     movlw   D'35'       ; b(7)
0010E2 6E37           00192     movwf   0x37
0010E4 0E28           00193     movlw   D'40'       ; b(8)
0010E6 6E38           00194     movwf   0x38
0010E8 0012           00195     return
                      00196 
0010EA                00197 operation_before
0010EA 50ED           00198     movf  POSTDEC0,0                     ;take the value from input buffer at current point then change 
                            the address to the before
0010EC 02E6           00199     mulwf POSTINC1                       ;multiply the value from coefficient buffer at start point then
                             change the address to the next
0010EE 50F4           00200     movf  PRODH,0
0010F0 2605           00201     addwf outcome_1_L,1                  ;refresh the outcome register
0010F2 0E00           00202     movlw 0x00
0010F4 2210           00203     addwfc outcome_1_H,1
0010F6 0E20           00204     movlw 0x20
0010F8 60E9           00205     CPFSLT FSR0L                         ;go back to 0x20 if value of FSR0L smaller than 0x20
0010FA EF?? F???      00206     goto operation_before
0010FE EE00 F028      00207     lfsr 0,0x28
001102 EF?? F???      00208     goto operation_after
                      00209     
001106                00210 operation_after 
001106 50ED           00211     movf  POSTDEC0,0    
001108 02E6           00212     mulwf POSTINC1              
00110A 50F4           00213     movf  PRODH,0
00110C 2605           00214     addwf outcome_1_L,1                  ;refresh the outcome register
00110E 0E00           00215     movlw 0x00
001110 2210           00216     addwfc outcome_1_H,1
001112 0E38           00217     movlw  0x38
001114 64E1           00218     CPFSGT FSR1L                         ;finish the operation if the FSR1 address is bigger than 0x38
001116 EF?? F???      00219     goto operation_after
00111A EC?? F???      00220     call init_FSR
00111E EE00 F020      00221     lfsr    0, 0x020
001122 EF?? F???      00222     goto second_term
                      00223 
001126                00224 second_term
001126 0E29           00225    movlw D'41'
001128 02EE           00226    mulwf POSTINC0
00112A 50F4           00227    movf PRODH,0
00112C 2606           00228    addwf outcome_2_L,1
00112E 0E00           00229    movlw 0x00
001130 2211           00230    addwfc outcome_2_H,1
001132 0E28           00231    movlw 0x28
001134 64E9           00232    CPFSGT FSR0L
001136 EF?? F???      00233    goto second_term
00113A EC?? F???      00234    call init_FSR
00113E EF?? F???      00235    goto subtraction
                      00236 
001142                00237 subtraction
001142 5006           00238    movf outcome_2_L,0
001144 5E05           00239    subwf outcome_1_L,1
001146 5011           00240    movf outcome_2_H,0
001148 5A10           00241    subwfb outcome_1_H,1
00114A EC?? F???      00242    call negative_detect
00114E 0E00           00243    movlw  0x00
001150 6410           00244    CPFSGT outcome_1_H           ;if final outcome is not negative value then continu judge 
001152 EF?? F???      00245    goto low_bit
001156 EF?? F???      00246    goto high_bit
                      00247    
00115A                00248 negative_detect
00115A A8D8           00249    BTFSS STATUS,4           ;check if the final outcome is negative value
00115C 0012           00250    return
00115E 0E00           00251    movlw 0x00
001160 6E09           00252    movwf outcome_3
001162 6A10           00253    clrf outcome_1_H
001164 6A05           00254    clrf outcome_1_L
001166 6A11           00255    clrf outcome_2_H
001168 6A06           00256    clrf outcome_2_L
00116A 0012           00257    return
                      00258 
                      00259 
00116C                00260 high_bit
00116C 0EFF           00261  movlw 0xFF
00116E 6E09           00262  movwf outcome_3
001170 6A10           00263  clrf outcome_1_H
001172 6A05           00264  clrf outcome_1_L
001174 6A11           00265  clrf outcome_2_H
001176 6A06           00266  clrf outcome_2_L
001178 0012           00267  return
                      00268  
00117A                00269 low_bit
00117A C005 F009      00270  movff outcome_1_L,outcome_3
00117E 6A10           00271  clrf outcome_1_H
001180 6A05           00272  clrf outcome_1_L
001182 6A11           00273  clrf outcome_2_H
001184 6A06           00274  clrf outcome_2_L
001186 0012           00275  return
                      00276    
001188                00277 init_FSR
001188 0E23           00278     movlw 0x23
00118A 6EE9           00279     movwf FSR0L             ;initialize FSR0L
00118C EE10 F030      00280     lfsr    1, 0x030            ;initialize FSR1L
001190 0012           00281     return
                      00282     
001192                00283 refresh_input_buffer_before   
001192 CFEF F008      00284     movff INDF0,buffer_2
001196 C007 FFED      00285     movff buffer_1,POSTDEC0
00119A C008 F007      00286     movff buffer_2,buffer_1
00119E 0E20           00287     movlw 0x20
0011A0 60E9           00288     CPFSLT FSR0L
0011A2 EF?? F???      00289     goto refresh_input_buffer_before
0011A6 EE00 F028      00290     lfsr 0,0x28
0011AA EF?? F???      00291     goto refresh_input_buffer_after
                      00292     
0011AE                00293 refresh_input_buffer_after   
0011AE CFEF F008      00294     movff INDF0,buffer_2
0011B2 C007 FFED      00295     movff buffer_1,POSTDEC0
0011B6 C008 F007      00296     movff buffer_2,buffer_1
0011BA 0E24           00297     movlw 0x24
0011BC 60E9           00298     CPFSLT FSR0L
0011BE EF?? F???      00299     goto refresh_input_buffer_after
0011C2 6A07           00300     clrf buffer_1
0011C4 6A08           00301     clrf buffer_2
0011C6 0012           00302     return
0011C8                00303 max_duty 
0011C8 0EFF           00304     movlw 0xFF
0011CA 6E09           00305     movwf outcome_3
0011CC 0012           00306     return
                      00307     
0011CE                00308 inter_high
0011CE AC9E           00309     btfss   PIR1, 6                     ; ADIF bit, interrupt is caused by A/D converter
0011D0 D???           00310     bra     inter_tmr0                  ; check next interrupt source
0011D2                00311 inter_ADC
0011D2 92C2           00312     bcf     ADCON0, 1                   ; GODONE bit, stop the A/D conversion
0011D4 EC?? F???      00313     call init_FSR                       ;set initial FSR0 and FSR1   
0011D8 C012 F007      00314     movff    input, buffer_1                    ; read the value of the ADC (only upper 8 bits)
0011DC EC?? F???      00315     call refresh_input_buffer_before
0011E0 EC?? F???      00316     call operation_before
0011E4 0E5E           00317     movlw D'94'
0011E6 2609           00318     addwf outcome_3,1
0011E8 B0D8           00319     BTFSC STATUS,0
0011EA EC?? F???      00320     call  max_duty
0011EE 5009           00321     movf outcome_3,0
0011F0 6E90           00322     movwf   CCPR2L                      ; and store it in the duty cycle register
0011F2 6A09           00323     clrf   outcome_3                    ;clear result register for next time usage
                      00324                                         ; WRITE THE CODE FOR THE FIR FILTER BETWEEN THE TWO INSTRUCTIONS
                             ABOVE!!!!!!!!!!!!!!!!
0011F4 9C9E           00325     bcf     PIR1, 6                     ; ADIF bit has to be cleared
0011F6 0010           00326     retfie
                      00327     
0011F8                00328 inter_tmr0
0011F8 A4F2           00329     btfss   INTCON, 2                   ; TMR0IF, interrupt is caused by Timer0
0011FA 0010           00330     retfie                              ; if not, then return
0011FC 0E05           00331     movlw   D'5'                        ; this value sets the sample frequency (see formula in init_time
                            r) CHANGE IT!!!!!!!!!!!!!
0011FE 6ED6           00332     movwf   TMR0L                       ; initialize timer again
001200 82C2           00333     bsf     ADCON0, 1                   ; GODONE bit, starts the A/D conversion
001202 94F2           00334     bcf     INTCON, 2                   ; clear interrupt flag
001204 0010           00335     retfie
                      00336 
001206                00337 inter_low
001206 0000           00338     nop
001208 0010           00339     retfie
                      00340 
                      00341     END
MPASM 5.84  /USERS/SHUAIZHANG/DESKTOP/PREPAR   12-6-2019  15:24:40         PAGE  2


SYMBOL TABLE
  LABEL                             VALUE 

A                                 00000000
ABDEN                             00000000
ABDOVF                            00000007
ACCESS                            00000000
ACKDT                             00000005
ACKEN                             00000004
ACKSTAT                           00000006
ACKTIM                            00000007
ACQT0                             00000003
ACQT1                             00000004
ACQT2                             00000005
ACTCON                            00000FB5
ACTD                              00000006
ACTEN                             00000007
ACTIE                             00000007
ACTIF                             00000007
ACTIP                             00000007
ACTLOCK                           00000003
ACTMD                             00000004
ACTOR                             00000001
ACTORS                            00000001
ACTSEL                            00000007
ACTSRC                            00000004
ACTUD                             00000006
ACTVIE                            00000002
ACTVIF                            00000002
ADCMD                             00000002
ADCON0                            00000FC2
ADCON1                            00000FC1
ADCON2                            00000FC0
ADCS0                             00000000
ADCS1                             00000001
ADCS2                             00000002
ADDEN                             00000003
ADDR0                             00000000
ADDR1                             00000001
ADDR2                             00000002
ADDR3                             00000003
ADDR4                             00000004
ADDR5                             00000005
ADDR6                             00000006
ADEN                              00000003
ADFM                              00000007
ADIE                              00000006
ADIF                              00000006
ADIP                              00000006
ADON                              00000000
ADRESH                            00000FC4
ADRESL                            00000FC3
AHEN                              00000001
AN0                               00000000
AN1                               00000001
AN2                               00000002
AN3                               00000003
AN4                               00000005
ANSA0                             00000000
ANSA1                             00000001
ANSA2                             00000002
ANSA3                             00000003
ANSA5                             00000005
ANSB0                             00000000
ANSB1                             00000001
ANSB2                             00000002
ANSB3                             00000003
ANSB4                             00000004
ANSB5                             00000005
ANSC2                             00000002
ANSC6                             00000006
ANSC7                             00000007
ANSELA                            00000F5B
ANSELB                            00000F5C
ANSELC                            00000F5D
BANKED                            00000001
BAUDCON                           00000FB8
BAUDCON1                          00000FB8
BCL1IE                            00000003
BCL1IF                            00000003
BCL1IP                            00000003
BCLIE                             00000003
BCLIF                             00000003
BCLIP                             00000003
BF                                00000000
BGVST                             00000006
BOEN                              00000004
BOR                               00000000
BRG0                              00000000
BRG1                              00000001
BRG10                             00000002
BRG11                             00000003
BRG12                             00000004
BRG13                             00000005
BRG14                             00000006
BRG15                             00000007
BRG16                             00000003
BRG2                              00000002
BRG3                              00000003
BRG4                              00000004
BRG5                              00000005
BRG6                              00000006
BRG7                              00000007
BRG8                              00000000
BRG9                              00000001
BRGH                              00000002
BSR                               00000FE0
BTOEE                             00000004
BTOEF                             00000004
BTSEE                             00000007
BTSEF                             00000007
C                                 00000000
C1CH0                             00000000
C1CH1                             00000001
C1HYS                             00000003
C1IE                              00000006
C1IF                              00000006
C1IP                              00000006
C1OE                              00000005
C1ON                              00000007
C1OUT                             00000006
C1POL                             00000004
C1R                               00000002
C1RSEL                            00000005
C1SP                              00000003
C1SYNC                            00000001
C1TSEL                            00000000
C2CH0                             00000000
C2CH1                             00000001
C2HYS                             00000002
C2IE                              00000005
C2IF                              00000005
C2IP                              00000005
C2OE                              00000005
C2ON                              00000007
C2OUT                             00000006
C2POL                             00000004
C2R                               00000002
C2RSEL                            00000004
C2SP                              00000003
C2SYNC                            00000000
C2TSEL                            00000003
CCH0                              00000000
CCH1                              00000001
CCP1                              00000002
CCP1ASE                           00000007
CCP1CON                           00000FBD
CCP1IE                            00000002
CCP1IF                            00000002
CCP1IP                            00000002
CCP1M0                            00000000
CCP1M1                            00000001
CCP1M2                            00000002
CCP1M3                            00000003
CCP1MD                            00000000
CCP1X                             00000005
CCP1Y                             00000004
CCP2CON                           00000F97
CCP2IE                            00000000
CCP2IF                            00000000
CCP2IP                            00000000
CCP2M0                            00000000
CCP2M1                            00000001
CCP2M2                            00000002
CCP2M3                            00000003
CCP2MD                            00000001
CCP2X                             00000005
CCP2Y                             00000004
CCPR1                             00000FBE
CCPR1H                            00000FBF
CCPR1L                            00000FBE
CCPR2                             00000F90
CCPR2H                            00000F91
CCPR2L                            00000F90
CCPTMRS                           00000F59
CFGS                              00000006
CK                                00000006
CKE                               00000006
CKP                               00000004
CKTXP                             00000004
CM1CON0                           00000F98
CM1IE                             00000006
CM1IF                             00000006
CM1IP                             00000006
CM2CON0                           00000F99
CM2CON1                           00000F9A
CM2IE                             00000005
CM2IF                             00000005
CM2IP                             00000005
CMP1MD                            00000003
CMP2MD                            00000004
COE                               00000005
CON                               00000007
COUT1                             00000006
COUT2                             00000006
CPOL                              00000004
CRC16EE                           00000002
CRC16EF                           00000002
CRC5EE                            00000001
CRC5EF                            00000001
CREF                              00000002
CREN                              00000004
CSRC                              00000007
CTMUCON0                          00000F8F
CTMUCON1                          00000F8E
CTMUCONH                          00000F8F
CTMUCONL                          00000F8E
CTMUEN                            00000007
CTMUICON                          00000F88
CTMUIE                            00000003
CTMUIF                            00000003
CTMUIP                            00000003
CTMUMD                            00000005
CTMUSIDL                          00000005
CTTRIG                            00000000
DACEN                             00000007
DACLPS                            00000006
DACNSS                            00000000
DACOE                             00000005
DACPSS0                           00000002
DACPSS1                           00000003
DACR0                             00000000
DACR1                             00000001
DACR2                             00000002
DACR3                             00000003
DACR4                             00000004
DC                                00000001
DC1B0                             00000004
DC1B1                             00000005
DC2B0                             00000004
DC2B1                             00000005
DDRA                              TRISA
DDRB                              TRISB
DDRC                              TRISC
DDRD                              TRISD
DDRE                              TRISE
DFN8EE                            00000003
DFN8EF                            00000003
DHEN                              00000000
DIR                               00000002
DONE                              00000001
DTRXP                             00000005
D_NOT_A                           00000005
ECCP1AS                           00000FB6
ECCP1AS0                          00000004
ECCP1AS1                          00000005
ECCP1AS2                          00000006
ECCP1ASE                          00000007
ECCP1CON                          00000FBD
ECCP1DEL                          00000FB7
ECCP2CON                          00000F97
EDG1POL                           00000004
EDG1SEL0                          00000002
EDG1SEL1                          00000003
EDG1STAT                          00000000
EDG2POL                           00000007
EDG2SEL0                          00000005
EDG2SEL1                          00000006
EDG2STAT                          00000001
EDGEN                             00000003
EDGSEQEN                          00000002
EEADR                             00000FA9
EECON1                            00000FA6
EECON2                            00000FA7
EEDATA                            00000FA8
EEIE                              00000004
EEIF                              00000004
EEIP                              00000004
EEPGD                             00000007
ENDP0                             00000003
ENDP1                             00000004
ENDP2                             00000005
ENDP3                             00000006
EPCONDIS                          00000003
EPHSHK                            00000004
EPINEN                            00000001
EPOUTEN                           00000002
EPSTALL                           00000000
FAST                              00000001
FERR                              00000002
FLTS                              00000002
FREE                              00000004
FRM0                              00000000
FRM1                              00000001
FRM10                             00000002
FRM2                              00000002
FRM3                              00000003
FRM4                              00000004
FRM5                              00000005
FRM6                              00000006
FRM7                              00000007
FRM8                              00000000
FRM9                              00000001
FSEN                              00000002
FSR0                              00000000
FSR0H                             00000FEA
FSR0L                             00000FE9
FSR1                              00000001
FSR1H                             00000FE2
FSR1L                             00000FE1
FSR2                              00000002
FSR2H                             00000FDA
FSR2L                             00000FD9
FVREN                             00000007
FVRS0                             00000004
FVRS1                             00000005
FVRST                             00000006
GCEN                              00000007
GIE                               00000007
GIEH                              00000007
GIEL                              00000006
GIE_GIEH                          00000007
GO                                00000001
GO_NOT_DONE                       00000001
HFIOFR                            00000001
HFIOFS                            00000002
HLVDCON                           00000F9C
HLVDEN                            00000004
HLVDIE                            00000002
HLVDIF                            00000002
HLVDIN                            00000005
HLVDIP                            00000002
HLVDL0                            00000000
HLVDL1                            00000001
HLVDL2                            00000002
HLVDL3                            00000003
IDISSEN                           00000001
IDLEIE                            00000004
IDLEIF                            00000004
IDLEN                             00000007
INDF0                             00000FEF
INDF1                             00000FE7
INDF2                             00000FDF
INT0                              00000000
INT0E                             00000004
INT0F                             00000001
INT0IE                            00000004
INT0IF                            00000001
INT1                              00000001
INT1E                             00000003
INT1F                             00000000
INT1IE                            00000003
INT1IF                            00000000
INT1IP                            00000006
INT1P                             00000006
INT2                              00000002
INT2E                             00000004
INT2F                             00000001
INT2IE                            00000004
INT2IF                            00000001
INT2IP                            00000007
INT2P                             00000007
INTCON                            00000FF2
INTCON2                           00000FF1
INTCON3                           00000FF0
INTEDG0                           00000006
INTEDG1                           00000005
INTEDG2                           00000004
INTSRC                            00000005
IOCB                              00000F86
IOCB4                             00000004
IOCB5                             00000005
IOCB6                             00000006
IOCB7                             00000007
IOCC                              00000F87
IOCC0                             00000000
IOCC1                             00000001
IOCC2                             00000002
IOCC4                             00000004
IOCC5                             00000005
IOCC6                             00000006
IOCC7                             00000007
IOCIE                             00000003
IOCIF                             00000000
IOCIP                             00000000
IPEN                              00000007
IPR1                              00000F9F
IPR2                              00000FA2
IPR3                              00000FA5
IRCF0                             00000004
IRCF1                             00000005
IRCF2                             00000006
IRNG0                             00000000
IRNG1                             00000001
IRVST                             00000005
ITRIM0                            00000002
ITRIM1                            00000003
ITRIM2                            00000004
ITRIM3                            00000005
ITRIM4                            00000006
ITRIM5                            00000007
LATA                              00000F89
LATA0                             00000000
LATA1                             00000001
LATA2                             00000002
LATA3                             00000003
LATA4                             00000004
LATA5                             00000005
LATA6                             00000006
LATA7                             00000007
LATB                              00000F8A
LATB0                             00000000
LATB1                             00000001
LATB2                             00000002
LATB3                             00000003
LATB4                             00000004
LATB5                             00000005
LATB6                             00000006
LATB7                             00000007
LATC                              00000F8B
LATC0                             00000000
LATC1                             00000001
LATC2                             00000002
LATC4                             00000004
LATC5                             00000005
LATC6                             00000006
LATC7                             00000007
LFIOFS                            00000000
LVDIE                             00000002
LVDIF                             00000002
LVDIN                             00000005
LVDIP                             00000002
MC1OUT                            00000007
MC2OUT                            00000006
MSSP1MD                           00000006
MSSPMD                            00000006
N                                 00000004
NOT_BOR                           00000000
NOT_DONE                          00000001
NOT_PD                            00000002
NOT_POR                           00000001
NOT_RBPU                          00000007
NOT_RI                            00000004
NOT_T1DONE                        00000003
NOT_T1SYNC                        00000002
NOT_T3DONE                        00000003
NOT_T3SYNC                        00000002
NOT_TO                            00000003
NVCFG0                            00000000
NVCFG1                            00000001
OERR                              00000001
ON                                00000007
OSC2                              00000006
OSCCON                            00000FD3
OSCCON2                           00000FD2
OSCFIE                            00000007
OSCFIF                            00000007
OSCFIP                            00000007
OSCTUNE                           00000F9B
OSTS                              00000003
OV                                00000003
P                                 00000004
P1A                               00000002
P1M0                              00000006
P1M1                              00000007
P1RSEN                            00000007
PC                                00000FF9
PCIE                              00000006
PCL                               00000FF9
PCLATH                            00000FFA
PCLATU                            00000FFB
PD                                00000002
PDC0                              00000000
PDC1                              00000001
PDC2                              00000002
PDC3                              00000003
PDC4                              00000004
PDC5                              00000005
PDC6                              00000006
PEIE                              00000006
PEIE_GIEL                         00000006
PEN                               00000002
PGC                               00000006
PGD                               00000007
PGM                               00000005
PIDEE                             00000000
PIDEF                             00000000
PIE1                              00000F9D
PIE2                              00000FA0
PIE3                              00000FA3
PIR1                              00000F9E
PIR2                              00000FA1
PIR3                              00000FA4
PKTDIS                            00000004
PLLEN                             00000004
PLLRDY                            00000007
PLUSW0                            00000FEB
PLUSW1                            00000FE3
PLUSW2                            00000FDB
PMD0                              00000F7E
PMD1                              00000F7F
POR                               00000001
PORTA                             00000F80
PORTB                             00000F81
PORTC                             00000F82
PORTE                             00000F84
POSTDEC0                          00000FED
POSTDEC1                          00000FE5
POSTDEC2                          00000FDD
POSTINC0                          00000FEE
POSTINC1                          00000FE6
POSTINC2                          00000FDE
PPB0                              00000000
PPB1                              00000001
PPBI                              00000001
PPBRST                            00000006
PR1SEN                            00000007
PR2                               00000FBB
PREINC0                           00000FEC
PREINC1                           00000FE4
PREINC2                           00000FDC
PRISD                             00000002
PROD                              00000FF3
PRODH                             00000FF4
PRODL                             00000FF3
PSA                               00000003
PSS1AC0                           00000002
PSS1AC1                           00000003
PSS1BD0                           00000000
PSS1BD1                           00000001
PSSAC0                            00000002
PSSAC1                            00000003
PSSBD0                            00000000
PSSBD1                            00000001
PSTR1CON                          00000FB9
PVCFG0                            00000002
PVCFG1                            00000003
PWM1CON                           00000FB7
RA0                               00000000
RA1                               00000001
RA2                               00000002
RA3                               00000003
RA4                               00000004
RA5                               00000005
RA6                               00000006
RA7                               00000007
RB0                               00000000
RB1                               00000001
RB2                               00000002
RB3                               00000003
RB4                               00000004
RB5                               00000005
RB6                               00000006
RB7                               00000007
RBPU                              00000007
RC0                               00000000
RC1                               00000001
RC1IE                             00000005
RC1IF                             00000005
RC1IP                             00000005
RC2                               00000002
RC4                               00000004
RC5                               00000005
RC6                               00000006
RC7                               00000007
RCEN                              00000003
RCIDL                             00000006
RCIE                              00000005
RCIF                              00000005
RCIP                              00000005
RCMT                              00000006
RCON                              00000FD0
RCREG                             00000FAE
RCREG1                            00000FAE
RCSTA                             00000FAB
RCSTA1                            00000FAB
RD                                00000000
RD16                              00000001
RE3                               00000003
RESUME                            00000002
RI                                00000004
RSEN                              00000001
RX                                00000007
RX9                               00000006
RX9D                              00000000
RXDTP                             00000005
R_NOT_W                           00000002
S                                 00000003
SBCDE                             00000002
SBOREN                            00000006
SCIE                              00000005
SCKP                              00000004
SCS0                              00000000
SCS1                              00000001
SDAHT                             00000003
SE0                               00000005
SEN                               00000000
SENDB                             00000003
SIDL                              00000005
SLRA                              00000000
SLRB                              00000001
SLRC                              00000002
SLRCON                            00000F7A
SMP                               00000007
SOFIE                             00000006
SOFIF                             00000006
SOSCEN                            00000003
SOSCGO                            00000003
SOSCRUN                           00000006
SP0                               00000000
SP1                               00000001
SP2                               00000002
SP3                               00000003
SP4                               00000004
SPBRG                             00000FAF
SPBRG1                            00000FAF
SPBRGH                            00000FB0
SPBRGH1                           00000FB0
SPEN                              00000007
SPLLMULT                          00000007
SRCLK0                            00000004
SRCLK1                            00000005
SRCLK2                            00000006
SRCON0                            00000F58
SRCON1                            00000F57
SREN                              00000005
SRLEN                             00000007
SRNQEN                            00000002
SRPR                              00000000
SRPS                              00000001
SRQEN                             00000003
SRRC1E                            00000000
SRRC2E                            00000001
SRRCKE                            00000002
SRRPE                             00000003
SRSC1E                            00000004
SRSC2E                            00000005
SRSCKE                            00000006
SRSPE                             00000007
SSP1ADD                           00000FC8
SSP1ADD0                          00000000
SSP1ADD1                          00000001
SSP1ADD2                          00000002
SSP1ADD3                          00000003
SSP1ADD4                          00000004
SSP1ADD5                          00000005
SSP1ADD6                          00000006
SSP1ADD7                          00000007
SSP1BUF                           00000FC9
SSP1CON1                          00000FC6
SSP1CON2                          00000FC5
SSP1CON3                          00000FCB
SSP1IE                            00000003
SSP1IF                            00000003
SSP1IP                            00000003
SSP1MD                            00000006
SSP1MSK                           00000FCA
SSP1MSK0                          00000000
SSP1MSK1                          00000001
SSP1MSK2                          00000002
SSP1MSK3                          00000003
SSP1MSK4                          00000004
SSP1MSK5                          00000005
SSP1MSK6                          00000006
SSP1MSK7                          00000007
SSP1STAT                          00000FC7
SSPADD                            00000FC8
SSPBUF                            00000FC9
SSPCON                            00000FC6
SSPCON1                           00000FC6
SSPCON2                           00000FC5
SSPCON3                           00000FCB
SSPEN                             00000005
SSPIE                             00000003
SSPIF                             00000003
SSPIP                             00000003
SSPM0                             00000000
SSPM1                             00000001
SSPM2                             00000002
SSPM3                             00000003
SSPMSK                            00000FCA
SSPOV                             00000006
SSPSTAT                           00000FC7
STALLIE                           00000005
STALLIF                           00000005
START                             00001020
STATUS                            00000FD8
STCON                             00000FB5
STEN                              00000007
STIE                              00000007
STIF                              00000007
STIP                              00000007
STKFUL                            00000007
STKOVF                            00000007
STKPTR                            00000FFC
STKUNF                            00000006
STLOCK                            00000003
STMD                              00000004
STOR                              00000001
STR1A                             00000000
STR1B                             00000001
STR1C                             00000002
STR1D                             00000003
STR1SYNC                          00000004
STRA                              00000000
STRB                              00000001
STRC                              00000002
STRD                              00000003
STRSYNC                           00000004
STSRC                             00000004
STUD                              00000006
SUSPND                            00000001
SWDTE                             00000000
SWDTEN                            00000000
SYNC                              00000004
T08BIT                            00000006
T0CKI                             00000004
T0CON                             00000FD5
T0CS                              00000005
T0IE                              00000005
T0IF                              00000002
T0IP                              00000002
T0PS0                             00000000
T0PS1                             00000001
T0PS2                             00000002
T0SE                              00000004
T13CKI                            00000000
T1CKPS0                           00000004
T1CKPS1                           00000005
T1CON                             00000FCD
T1DONE                            00000003
T1GCON                            00000FCC
T1GGO                             00000003
T1GGO_NOT_DONE                    00000003
T1GGO_NOT_T1DONE                  00000003
T1GPOL                            00000006
T1GSPM                            00000004
T1GSS0                            00000000
T1GSS1                            00000001
T1GTM                             00000005
T1GVAL                            00000002
T1OSCEN                           00000003
T1OSI                             00000001
T1OSO                             00000000
T1RD16                            00000001
T1SOSCEN                          00000003
T1SYNC                            00000002
T2CKPS0                           00000000
T2CKPS1                           00000001
T2CON                             00000FBA
T2OUTPS0                          00000003
T2OUTPS1                          00000004
T2OUTPS2                          00000005
T2OUTPS3                          00000006
T3CKPS0                           00000004
T3CKPS1                           00000005
T3CON                             00000FB1
T3DONE                            00000003
T3GCON                            00000FB4
T3GGO                             00000003
T3GGO_NOT_DONE                    00000003
T3GGO_NOT_T3DONE                  00000003
T3GPOL                            00000006
T3GSPM                            00000004
T3GSS0                            00000000
T3GSS1                            00000001
T3GTM                             00000005
T3GVAL                            00000002
T3OSCEN                           00000003
T3RD16                            00000001
T3SOSCEN                          00000003
T3SYNC                            00000002
TABLAT                            00000FF5
TBLPTR                            00000FF6
TBLPTRH                           00000FF7
TBLPTRL                           00000FF6
TBLPTRU                           00000FF8
TGEN                              00000004
TMR0                              00000FD6
TMR0H                             00000FD7
TMR0IE                            00000005
TMR0IF                            00000002
TMR0IP                            00000002
TMR0L                             00000FD6
TMR0ON                            00000007
TMR1                              00000FCE
TMR1CS0                           00000006
TMR1CS1                           00000007
TMR1GE                            00000007
TMR1GIE                           00000000
TMR1GIF                           00000000
TMR1GIP                           00000000
TMR1H                             00000FCF
TMR1IE                            00000000
TMR1IF                            00000000
TMR1IP                            00000000
TMR1L                             00000FCE
TMR1MD                            00000000
TMR1ON                            00000000
TMR2                              00000FBC
TMR2IE                            00000001
TMR2IF                            00000001
TMR2IP                            00000001
TMR2MD                            00000001
TMR2ON                            00000002
TMR3                              00000FB2
TMR3CS0                           00000006
TMR3CS1                           00000007
TMR3GE                            00000007
TMR3GIE                           00000001
TMR3GIF                           00000001
TMR3GIP                           00000001
TMR3H                             00000FB3
TMR3IE                            00000001
TMR3IF                            00000001
TMR3IP                            00000001
TMR3L                             00000FB2
TMR3MD                            00000002
TMR3ON                            00000000
TO                                00000003
TOS                               00000FFD
TOSH                              00000FFE
TOSL                              00000FFD
TOSU                              00000FFF
TRIGEN                            00000000
TRIGSEL                           00000007
TRISA                             00000F92
TRISA0                            00000000
TRISA1                            00000001
TRISA2                            00000002
TRISA3                            00000003
TRISA4                            00000004
TRISA5                            00000005
TRISA6                            00000006
TRISA7                            00000007
TRISB                             00000F93
TRISB0                            00000000
TRISB1                            00000001
TRISB2                            00000002
TRISB3                            00000003
TRISB4                            00000004
TRISB5                            00000005
TRISB6                            00000006
TRISB7                            00000007
TRISC                             00000F94
TRISC0                            00000000
TRISC1                            00000001
TRISC2                            00000002
TRISC4                            00000004
TRISC5                            00000005
TRISC6                            00000006
TRISC7                            00000007
TRMT                              00000001
TRNIE                             00000003
TRNIF                             00000003
TSEN                              00000003
TSRNG                             00000002
TUN0                              00000000
TUN1                              00000001
TUN2                              00000002
TUN3                              00000003
TUN4                              00000004
TUN5                              00000005
TUN6                              00000006
TX                                00000006
TX1IE                             00000004
TX1IF                             00000004
TX1IP                             00000004
TX9                               00000006
TX9D                              00000000
TXCKP                             00000004
TXEN                              00000005
TXIE                              00000004
TXIF                              00000004
TXIP                              00000004
TXREG                             00000FAD
TXREG1                            00000FAD
TXSTA                             00000FAC
TXSTA1                            00000FAC
UA                                00000001
UADDR                             00000F63
UART1MD                           00000006
UARTMD                            00000006
UCFG                              00000F62
UCON                              00000F60
UEIE                              00000F66
UEIR                              00000F67
UEP0                              00000F6A
UEP1                              00000F6B
UEP10                             00000F74
UEP11                             00000F75
UEP12                             00000F76
UEP13                             00000F77
UEP14                             00000F78
UEP15                             00000F79
UEP2                              00000F6C
UEP3                              00000F6D
UEP4                              00000F6E
UEP5                              00000F6F
UEP6                              00000F70
UEP7                              00000F71
UEP8                              00000F72
UEP9                              00000F73
UERRIE                            00000001
UERRIF                            00000001
UFRM                              00000F68
UFRMH                             00000F69
UFRML                             00000F68
UIE                               00000F64
UIR                               00000F65
UOEMON                            00000006
UPUEN                             00000004
URSTIE                            00000000
URSTIF                            00000000
USBEN                             00000003
USBIE                             00000002
USBIF                             00000002
USBIP                             00000002
USBMD                             00000005
USTAT                             00000F61
UTEYE                             00000007
UTRDIS                            00000003
VDIRMAG                           00000007
VREFCON0                          00000F7D
VREFCON1                          00000F7C
VREFCON2                          00000F7B
VREFM                             00000002
VREFP                             00000003
VREGCON                           00000F5A
W                                 00000000
WCOL                              00000007
WDTCON                            00000FD1
WPUB                              00000F85
WPUB0                             00000000
WPUB1                             00000001
WPUB2                             00000002
WPUB3                             00000003
WPUB4                             00000004
WPUB5                             00000005
WPUB6                             00000006
WPUB7                             00000007
WR                                00000001
WREG                              00000FE8
WREN                              00000002
WRERR                             00000003
WUE                               00000001
Z                                 00000002
_BOREN_NOSLP_2L                   000000FD
_BOREN_OFF_2L                     000000F9
_BOREN_ON_2L                      000000FB
_BOREN_SBORDIS_2L                 000000FF
_BORV_190_2L                      000000FF
_BORV_220_2L                      000000F7
_BORV_250_2L                      000000EF
_BORV_285_2L                      000000E7
_CCP2MX_RB3_3H                    000000FE
_CCP2MX_RC1_3H                    000000FF
_CFGPLLEN_OFF_1L                  000000FD
_CFGPLLEN_ON_1L                   000000FF
_CONFIG1H                         00300001
_CONFIG1L                         00300000
_CONFIG2H                         00300003
_CONFIG2L                         00300002
_CONFIG3H                         00300005
_CONFIG4L                         00300006
_CONFIG5H                         00300009
_CONFIG5L                         00300008
_CONFIG6H                         0030000B
_CONFIG6L                         0030000A
_CONFIG7H                         0030000D
_CONFIG7L                         0030000C
_CP0_OFF_5L                       000000FF
_CP0_ON_5L                        000000FE
_CP1_OFF_5L                       000000FF
_CP1_ON_5L                        000000FD
_CP2_OFF_5L                       000000FF
_CP2_ON_5L                        000000FB
_CP3_OFF_5L                       000000FF
_CP3_ON_5L                        000000F7
_CPB_OFF_5H                       000000FF
_CPB_ON_5H                        000000BF
_CPD_OFF_5H                       000000FF
_CPD_ON_5H                        0000007F
_CPUDIV_CLKDIV2_1L                000000EF
_CPUDIV_CLKDIV3_1L                000000F7
_CPUDIV_CLKDIV6_1L                000000FF
_CPUDIV_NOCLKDIV_1L               000000E7
_DEBUG_OFF_4L                     000000FF
_DEBUG_ON_4L                      0000007F
_DEVID1                           003FFFFE
_DEVID2                           003FFFFF
_EBTR0_OFF_7L                     000000FF
_EBTR0_ON_7L                      000000FE
_EBTR1_OFF_7L                     000000FF
_EBTR1_ON_7L                      000000FD
_EBTR2_OFF_7L                     000000FF
_EBTR2_ON_7L                      000000FB
_EBTR3_OFF_7L                     000000FF
_EBTR3_ON_7L                      000000F7
_EBTRB_OFF_7H                     000000FF
_EBTRB_ON_7H                      000000BF
_FCMEN_OFF_1H                     000000BF
_FCMEN_ON_1H                      000000FF
_FOSC_ECHCLKO_1H                  000000F4
_FOSC_ECHIO_1H                    000000F5
_FOSC_ECLCLKO_1H                  000000FC
_FOSC_ECLIO_1H                    000000FD
_FOSC_ECMCLKO_1H                  000000FA
_FOSC_ECMIO_1H                    000000FB
_FOSC_HSH_1H                      000000F2
_FOSC_HSM_1H                      000000F3
_FOSC_INTOSCCLKO_1H               000000F9
_FOSC_INTOSCIO_1H                 000000F8
_FOSC_LP_1H                       000000F0
_FOSC_RCCLKO_1H                   000000F6
_FOSC_RCIO_1H                     000000F7
_FOSC_XT_1H                       000000F1
_ICPRT_OFF_4L                     000000DF
_IDLOC0                           00200000
_IDLOC1                           00200001
_IDLOC2                           00200002
_IDLOC3                           00200003
_IDLOC4                           00200004
_IDLOC5                           00200005
_IDLOC6                           00200006
_IDLOC7                           00200007
_IESO_OFF_1H                      0000007F
_IESO_ON_1H                       000000FF
_LS48MHZ_SYS24X4_1L               000000DF
_LS48MHZ_SYS48X8_1L               000000FF
_LVP_OFF_4L                       000000FB
_LVP_ON_4L                        000000FF
_MCLRE_OFF_3H                     0000007F
_MCLRE_ON_3H                      000000FF
_PBADEN_OFF_3H                    000000FD
_PBADEN_ON_3H                     000000FF
_PCLKEN_OFF_1H                    000000DF
_PCLKEN_ON_1H                     000000FF
_PLLSEL_PLL3X_1L                  000000FF
_PLLSEL_PLL4X_1L                  000000FE
_SDOMX_RB3_3H                     000000FF
_SDOMX_RC7_3H                     000000BF
_STVREN_OFF_4L                    000000FE
_STVREN_ON_4L                     000000FF
_T3CMX_RB5_3H                     000000EF
_T3CMX_RC0_3H                     000000FF
_WDTEN_NOSLP_2H                   000000FD
_WDTEN_OFF_2H                     000000FC
_WDTEN_ON_2H                      000000FF
_WDTEN_SWON_2H                    000000FE
_WDTPS_1024_2H                    000000EB
_WDTPS_128_2H                     000000DF
_WDTPS_16384_2H                   000000FB
_WDTPS_16_2H                      000000D3
_WDTPS_1_2H                       000000C3
_WDTPS_2048_2H                    000000EF
_WDTPS_256_2H                     000000E3
_WDTPS_2_2H                       000000C7
_WDTPS_32768_2H                   000000FF
_WDTPS_32_2H                      000000D7
_WDTPS_4096_2H                    000000F3
_WDTPS_4_2H                       000000CB
_WDTPS_512_2H                     000000E7
_WDTPS_64_2H                      000000DB
_WDTPS_8192_2H                    000000F7
_WDTPS_8_2H                       000000CF
_WRT0_OFF_6L                      000000FF
_WRT0_ON_6L                       000000FE
_WRT1_OFF_6L                      000000FF
_WRT1_ON_6L                       000000FD
_WRT2_OFF_6L                      000000FF
_WRT2_ON_6L                       000000FB
_WRT3_OFF_6L                      000000FF
_WRT3_ON_6L                       000000F7
_WRTB_OFF_6H                      000000FF
_WRTB_ON_6H                       000000BF
_WRTC_OFF_6H                      000000FF
_WRTC_ON_6H                       000000DF
_WRTD_OFF_6H                      000000FF
_WRTD_ON_6H                       0000007F
_XINST_OFF_4L                     000000BF
_XINST_ON_4L                      000000FF
__18F25K50                        00000001
__DEBUG                           
__MPLAB_DEBUGGER_SIMULATOR        1
_nLPBOR_OFF_2L                    000000FF
_nLPBOR_ON_2L                     000000BF
_nPWRTEN_OFF_2L                   000000FF
_nPWRTEN_ON_2L                    000000FE
buffer_1                          00000007
buffer_2                          00000008
high_bit                          0000116C
init_ADC                          00001088
init_FIR                          000010AA
init_FSR                          00001188
init_PWM                          0000109C
init_chip                         00001042
init_timer                        00001076
input                             00000012
inter_ADC                         000011D2
inter_high                        000011CE
inter_low                         00001206
inter_tmr0                        000011F8
low_bit                           0000117A
main                              0000103A
max_duty                          000011C8
negative_detect                   0000115A
operation_after                   00001106
operation_before                  000010EA
outcome_1_H                       00000010
outcome_1_L                       00000005
outcome_2_H                       00000011
outcome_2_L                       00000006
outcome_3                         00000009
refresh_input_buffer_after        000011AE
refresh_input_buffer_before       00001192
second_term                       00001126
subtraction                       00001142

Errors   :     0
Warnings :     0 reported,     0 suppressed
Messages :     0 reported,     0 suppressed

